app-icon .icon-checkmark {
  fill: #4CAFFF;
  width: 15px;
  height: 11px; }

app-icon .icon-targetblank {
  fill: #86869c;
  width: 9px;
  height: 9px; }

app-icon .icon-slack,
app-icon .icon-twitter {
  fill: #16161d;
  width: 20px;
  height: 20px; }

app-icon .icon-menu {
  fill: #4CAFFF;
  width: 17px;
  height: 15px; }

app-icon .icon-close {
  fill: #4CAFFF;
  width: 14px;
  height: 14px; }

app-icon .icon-more {
  fill: #4CAFFF;
  width: 4px;
  height: 18px; }

.landing-page app-icon .icon-slack,
.landing-page app-icon .icon-twitter {
  fill: #4CAFFF;
  width: 20px;
  height: 20px; }