.landing-page {
  background-color: #070D12; }

.landing-page footer {
  background-color: #0B1A24; }

landing-page {
  display: block;
  color: #fff; }
  landing-page h1,
  landing-page h2,
  landing-page h3 {
    color: #fff;
    margin: 0; }
  landing-page p {
    color: #BCC0BE; }
  landing-page .announcement a {
    text-decoration: none;
    color: #fff;
    -webkit-transition: background 0.3s;
    transition: background 0.3s;
    display: -webkit-inline-box;
    display: -ms-inline-flexbox;
    display: inline-flex;
    -webkit-box-align: center;
    -ms-flex-align: center;
    align-items: center;
    background: rgba(255, 255, 255, 0.1);
    border-radius: 100px;
    padding: 5px;
    border: 0; }
  landing-page .announcement a:hover {
    background: rgba(255, 255, 255, 0.15); }
  landing-page .announcement .pill,
  landing-page .announcement .cta {
    font-size: 10px;
    text-transform: uppercase; }
  landing-page .announcement .pill {
    background-color: #FDBF00;
    color: #653D00;
    font-weight: 800;
    padding: 2px 6px;
    border-radius: 100px;
    -webkit-box-flex: 0;
    -ms-flex: 0 0 38px;
    flex: 0 0 38px;
    text-align: center; }
  landing-page .announcement .message {
    font-weight: 500;
    opacity: 0.8;
    font-size: 13px;
    margin: 0 14px;
    -webkit-box-flex: 0;
    -ms-flex: 0 0 auto;
    flex: 0 0 auto; }
  landing-page .announcement .cta {
    color: #FDBF00;
    font-weight: 600;
    padding-right: 4px;
    -webkit-box-flex: 0;
    -ms-flex: 0 0 76px;
    flex: 0 0 76px; }
  landing-page .announcement .icon {
    fill: #FDBF00;
    height: 9px;
    width: 8px;
    -webkit-transform: translateY(1.5px);
    transform: translateY(1.5px);
    margin-left: 2px; }
  @media screen and (max-width: 768px) {
    landing-page .announcement {
      max-width: 100%;
      padding: 0; }
      landing-page .announcement a {
        display: -webkit-box;
        display: -ms-flexbox;
        display: flex;
        width: 100%;
        border-radius: 0;
        padding: 12px 24px; }
      landing-page .announcement .message {
        -webkit-box-flex: 1;
        -ms-flex: 1;
        flex: 1; }
      landing-page .announcement .cta {
        -webkit-box-flex: 0;
        -ms-flex: 0 0 70px;
        flex: 0 0 70px;
        padding-right: 0; } }
  landing-page .hero {
    display: -webkit-box;
    display: -ms-flexbox;
    display: flex;
    -webkit-box-pack: justify;
    -ms-flex-pack: justify;
    justify-content: space-between; }
    landing-page .hero hgroup,
    landing-page .hero .hero-illustration {
      -webkit-box-flex: 0;
      -ms-flex: 0 0 50%;
      flex: 0 0 50%; }
    landing-page .hero hgroup {
      max-width: 520px;
      padding-right: 60px;
      display: -webkit-box;
      display: -ms-flexbox;
      display: flex;
      -webkit-box-orient: vertical;
      -webkit-box-direction: normal;
      -ms-flex-direction: column;
      flex-direction: column;
      -webkit-box-pack: center;
      -ms-flex-pack: center;
      justify-content: center; }
      landing-page .hero hgroup h1 {
        font-size: 36px;
        color: #FFFFFF;
        letter-spacing: -0.03em;
        line-height: 48px;
        font-weight: 500;
        margin-top: -40px; }
      landing-page .hero hgroup h3 {
        font-size: 20px;
        color: rgba(229, 238, 255, 0.8);
        letter-spacing: -0.02em;
        line-height: 29px;
        margin-top: 18px;
        font-weight: 400; }
      landing-page .hero hgroup button {
        margin-top: 32px; }
      landing-page .hero hgroup h5 {
        font-size: 10px;
        color: #8C9CAA;
        letter-spacing: 0.38px;
        line-height: 29px;
        text-transform: uppercase;
        margin-bottom: 0;
        margin-top: 26px; }
      landing-page .hero hgroup img {
        width: 141px; }
    landing-page .hero .hero-illustration {
      text-align: right;
      padding-top: 60px;
      padding-bottom: 40px; }
      landing-page .hero .hero-illustration img {
        width: 100%;
        max-width: 506px;
        min-width: 420px;
        margin-right: -42px;
        margin-top: -20px; }
        @media screen and (max-width: 1120px) {
          landing-page .hero .hero-illustration img {
            margin-right: 0; } }
    @media screen and (max-width: 768px) {
      landing-page .hero hgroup {
        text-align: center;
        margin: 0 auto;
        padding: 60px 0;
        -webkit-box-flex: 0;
        -ms-flex: 0 0 100%;
        flex: 0 0 100%;
        -webkit-box-align: center;
        -ms-flex-align: center;
        align-items: center; }
      landing-page .hero hgroup h1 {
        margin-top: 0; }
      landing-page .hero .hero-illustration {
        display: none; } }
    @media screen and (max-width: 480px) {
      landing-page .hero hgroup h1 {
        font-size: 32px;
        line-height: 43px; }
      landing-page .hero hgroup h3 {
        font-size: 18px;
        line-height: 26px; } }
  landing-page #get-started {
    background: #4CAFFF;
    color: white; }
    landing-page #get-started:hover {
      background: #33a4ff; }
    landing-page #get-started:focus {
      background: #1e9aff;
      -webkit-transform: translateY(0px);
      transform: translateY(0px); }
  landing-page .points {
    display: -webkit-box;
    display: -ms-flexbox;
    display: flex;
    -ms-flex-wrap: wrap;
    flex-wrap: wrap;
    margin-left: -2em;
    margin-right: -2em;
    margin-bottom: 60px; }
  landing-page .points__item {
    -webkit-box-flex: 0;
    -ms-flex: 0 0 33.33%;
    flex: 0 0 33.33%;
    position: relative;
    padding: 0px 2em;
    margin-bottom: 60px; }
    landing-page .points__item a {
      color: #fff;
      text-decoration: none; }
    landing-page .points__item a:hover {
      border-bottom-color: rgba(255, 255, 255, 0.3); }
    landing-page .points__item h2 {
      margin-top: 20px;
      font-size: 16px; }
    landing-page .points__item p {
      margin-top: 10px;
      font-weight: 400;
      font-size: 15px;
      letter-spacing: -0.02em;
      line-height: 28px;
      color: rgba(225, 241, 255, 0.8); }
    landing-page .points__item:before {
      content: '';
      display: block;
      background: url(assets/img/feature-icon-sprite.png) no-repeat transparent;
      width: 51px;
      height: 51px;
      background-size: 306px 51px;
      margin-bottom: 0.3em; }
    @media screen and (max-width: 768px) {
      landing-page .points__item {
        -webkit-box-flex: 0;
        -ms-flex: 0 0 50%;
        flex: 0 0 50%; } }
    @media screen and (max-width: 480px) {
      landing-page .points__item {
        margin-bottom: 20px;
        -webkit-box-flex: 0;
        -ms-flex: 0 0 100%;
        flex: 0 0 100%; } }
  landing-page .points__item--nativeaccess:before {
    background-position: -51px 0; }
  landing-page .points__item--opensource:before {
    background-position: -102px 0; }
  landing-page .points__item--webnative:before {
    background-position: -153px 0; }
  landing-page .points__item--extensible:before {
    background-position: -204px 0; }
  landing-page .points__item--simple:before {
    background-position: -255px 0; }
  landing-page .footer-landing {
    background: #151a23;
    margin-top: 0; }