document-component .container {
  display: -webkit-box;
  display: -ms-flexbox;
  display: flex;
  -webkit-box-pack: justify;
  -ms-flex-pack: justify;
  justify-content: space-between; }

document-component plugin-platforms {
  display: block;
  float: right; }
  document-component plugin-platforms .platform {
    margin-left: 8px; }

document-component img {
  max-width: 100%; }

document-component h1:first-child anchor-link {
  display: none; }

document-component ul {
  -webkit-padding-start: 0px; }
  document-component ul li, document-component ul code {
    font-size: 16px;
    margin-left: 18px; }

document-component p a {
  color: #1d9aff;
  text-decoration: none; }

document-component p code,
document-component ul code,
document-component ol code {
  padding: 0 4px 3px;
  background-color: #ecf4fb;
  color: #16161D;
  border-radius: 3px; }

document-component #introButton {
  background: #1d9aff;
  color: white;
  text-decoration: none;
  border: none;
  font-size: 13px;
  font-weight: 600;
  text-transform: uppercase;
  padding: 16px 20px;
  border-radius: 2px;
  -webkit-box-shadow: 0 8px 16px rgba(0, 0, 0, 0.1), 0 3px 6px rgba(0, 0, 0, 0.08);
  box-shadow: 0 8px 16px rgba(0, 0, 0, 0.1), 0 3px 6px rgba(0, 0, 0, 0.08);
  outline: none;
  letter-spacing: 0.04em;
  -webkit-transition: all .15s ease;
  transition: all .15s ease;
  cursor: pointer; }

document-component #introButton:hover {
  -webkit-box-shadow: 0 3px 6px rgba(0, 0, 0, 0.1), 0 1px 3px rgba(0, 0, 0, 0.1);
  box-shadow: 0 3px 6px rgba(0, 0, 0, 0.1), 0 1px 3px rgba(0, 0, 0, 0.1);
  -webkit-transform: translateY(1px);
  transform: translateY(1px); }