@font-face {
  font-family: 'Graphik';
  src: url("/assets/fonts/Graphik-Semibold-Web.eot");
  src: url("/assets/fonts/Graphik-Semibold-Web.eot?#iefix") format("embedded-opentype"), url("/assets/fonts/Graphik-Semibold-Web.woff2") format("woff2"), url("/assets/fonts/Graphik-Semibold-Web.woff") format("woff");
  font-weight: 600;
  font-style: normal;
  font-stretch: normal; }

@font-face {
  font-family: 'Graphik';
  src: url("/assets/fonts/Graphik-Medium-Web.eot");
  src: url("/assets/fonts/Graphik-Medium-Web.eot?#iefix") format("embedded-opentype"), url("/assets/fonts/Graphik-Medium-Web.woff2") format("woff2"), url("/assets/fonts/Graphik-Medium-Web.woff") format("woff");
  font-weight: 500;
  font-style: normal;
  font-stretch: normal; }

@font-face {
  font-family: 'Graphik';
  src: url("/assets/fonts/Graphik-Regular-Web.eot");
  src: url("/assets/fonts/Graphik-Regular-Web.eot?#iefix") format("embedded-opentype"), url("/assets/fonts/Graphik-Regular-Web.woff2") format("woff2"), url("/assets/fonts/Graphik-Regular-Web.woff") format("woff");
  font-weight: 400;
  font-style: normal;
  font-stretch: normal; }

* {
  -webkit-box-sizing: border-box;
  box-sizing: border-box; }

capacitor-site {
  min-height: 100%;
  display: -webkit-box;
  display: -ms-flexbox;
  display: flex;
  -webkit-box-orient: vertical;
  -webkit-box-direction: normal;
  -ms-flex-flow: column;
  flex-flow: column;
  overflow: hidden; }

.no-scroll {
  overflow: hidden; }

.left-sidebar-in {
  -webkit-animation-name: slideIn;
  animation-name: slideIn;
  -webkit-animation-duration: 0.7s;
  animation-duration: 0.7s;
  -webkit-animation-timing-function: cubic-bezier(0.19, 1, 0.22, 1);
  animation-timing-function: cubic-bezier(0.19, 1, 0.22, 1);
  -webkit-animation-fill-mode: forwards;
  animation-fill-mode: forwards; }

@-webkit-keyframes slideIn {
  from {
    left: 0; }
  to {
    left: calc(100vw - 56px); } }

@keyframes slideIn {
  from {
    left: 0; }
  to {
    left: calc(100vw - 56px); } }

.left-sidebar-out {
  -webkit-animation-name: slideOut;
  animation-name: slideOut;
  -webkit-animation-duration: 0.7s;
  animation-duration: 0.7s;
  -webkit-animation-timing-function: cubic-bezier(0.19, 1, 0.22, 1);
  animation-timing-function: cubic-bezier(0.19, 1, 0.22, 1);
  -webkit-animation-fill-mode: forwards;
  animation-fill-mode: forwards; }

@-webkit-keyframes slideOut {
  from {
    left: calc(100vw - 56px); }
  to {
    left: 0; } }

@keyframes slideOut {
  from {
    left: calc(100vw - 56px); }
  to {
    left: 0; } }

.root {
  position: relative; }

.row {
  display: -webkit-box;
  display: -ms-flexbox;
  display: flex; }

.col {
  -webkit-box-flex: 1;
  -ms-flex: 1;
  flex: 1; }

.container {
  max-width: 1080px;
  width: 100%;
  margin: auto;
  padding: 0 24px; }

.container-flex {
  display: -webkit-box;
  display: -ms-flexbox;
  display: flex; }

.input-with-button {
  display: -webkit-box;
  display: -ms-flexbox;
  display: flex;
  height: 50px;
  max-width: 460px;
  -webkit-box-flex: 1;
  -ms-flex: 1;
  flex: 1; }
  .input-with-button input {
    -webkit-box-flex: 1;
    -ms-flex: 1;
    flex: 1;
    height: 100%; }
  .input-with-button button {
    -webkit-box-flex: 0;
    -ms-flex-positive: 0;
    flex-grow: 0;
    -ms-flex-negative: 1;
    flex-shrink: 1;
    margin: 0;
    border: 0;
    border-radius: 0px 3px 3px 0;
    height: 100%; }
    .input-with-button button:hover {
      -webkit-transform: none;
      transform: none; }

.measure-lg {
  max-width: 670px; }

.app {
  height: 100%; }

#main-div {
  -webkit-box-flex: 1;
  -ms-flex-positive: 1;
  flex-grow: 1;
  -ms-flex-negative: 0;
  flex-shrink: 0; }

::-moz-selection {
  background: #e7e7f2; }

::selection {
  background: #e7e7f2; }

::-moz-selection {
  background: #e7e7f2; }

html, body {
  font-family: 'Graphik', -apple-system, BlinkMacSystemFont, "Segoe UI", Helvetica, Arial, sans-serif, "Apple Color Emoji", "Segoe UI Emoji", "Segoe UI Symbol";
  width: 100%;
  height: 100%;
  padding: 0;
  margin: 0;
  text-rendering: optimizeLegibility;
  -webkit-font-smoothing: antialiased; }

body {
  background-color: #fff; }

h1, h2, h3, h4 {
  color: #16161d;
  letter-spacing: 0px;
  font-weight: 600; }

h1 {
  font-size: 28px;
  letter-spacing: -0.02em;
  font-weight: 600; }

h2 {
  font-size: 20px; }

h2, h3 {
  margin-top: 48px;
  margin-bottom: 8px; }

p, ul {
  color: #2d2d4c;
  font-size: 16px;
  line-height: 2em;
  margin: 24px 0px; }

strong, b {
  font-weight: 500; }

a {
  -webkit-transition: border 0.3s;
  transition: border 0.3s;
  color: #1d9aff;
  border-bottom: 1px solid transparent; }
  a:hover {
    border-bottom-color: rgba(29, 154, 255, 0.3); }

p a {
  font-weight: 500; }

stencil-route-link:hover {
  cursor: pointer; }

button {
  -webkit-transition: all .15s ease;
  transition: all .15s ease;
  font-size: 17px;
  font-weight: 600;
  color: #FFFFFF;
  letter-spacing: -0.5px;
  text-align: center;
  border: none;
  padding: 16px 20px;
  border-radius: 5px;
  outline: none;
  cursor: pointer; }

button:hover {
  -webkit-transform: translateY(-1px);
  transform: translateY(-1px); }

.wrapper {
  line-height: 32px;
  min-height: 100%;
  padding-top: 100px;
  display: -webkit-box;
  display: -ms-flexbox;
  display: flex;
  -webkit-box-orient: horizontal;
  -webkit-box-direction: normal;
  -ms-flex-direction: row;
  flex-direction: row;
  -ms-flex-wrap: nowrap;
  flex-wrap: nowrap;
  -webkit-box-pack: start;
  -ms-flex-pack: start;
  justify-content: flex-start;
  -ms-flex-line-pack: stretch;
  align-content: stretch;
  -webkit-box-align: start;
  -ms-flex-align: start;
  align-items: flex-start; }

.nextButton {
  background: #5851ff;
  color: white;
  text-decoration: none;
  border: none;
  font-size: 13px;
  font-weight: 600;
  text-transform: uppercase;
  padding: 16px 20px;
  border-radius: 2px;
  -webkit-box-shadow: 0 8px 16px rgba(0, 0, 0, 0.1), 0 3px 6px rgba(0, 0, 0, 0.08);
  box-shadow: 0 8px 16px rgba(0, 0, 0, 0.1), 0 3px 6px rgba(0, 0, 0, 0.08);
  outline: none;
  letter-spacing: 0.04em;
  -webkit-transition: all .15s ease;
  transition: all .15s ease;
  cursor: pointer;
  float: right;
  margin-right: 5px; }
  .nextButton:hover {
    text-decoration: none;
    -webkit-transform: translateY(1px);
    transform: translateY(1px);
    -webkit-box-shadow: 0 2px 4px rgba(0, 0, 0, 0.04), 0 1px 2px rgba(0, 0, 0, 0.16);
    box-shadow: 0 2px 4px rgba(0, 0, 0, 0.04), 0 1px 2px rgba(0, 0, 0, 0.16); }

.backButton {
  color: #5851ff;
  background: white;
  text-decoration: none;
  float: left;
  border: none;
  font-size: 13px;
  font-weight: 600;
  text-transform: uppercase;
  padding: 16px 20px;
  border-radius: 2px;
  -webkit-box-shadow: 0 8px 16px rgba(0, 0, 0, 0.1), 0 3px 6px rgba(0, 0, 0, 0.08);
  box-shadow: 0 8px 16px rgba(0, 0, 0, 0.1), 0 3px 6px rgba(0, 0, 0, 0.08);
  outline: none;
  letter-spacing: 0.04em;
  -webkit-transition: all .15s ease;
  transition: all .15s ease;
  cursor: pointer;
  margin-bottom: 15px;
  margin-left: 5px; }
  .backButton:hover {
    text-decoration: none;
    -webkit-transform: translateY(1px);
    transform: translateY(1px);
    -webkit-box-shadow: 0 2px 4px rgba(0, 0, 0, 0.04), 0 1px 2px rgba(0, 0, 0, 0.16);
    box-shadow: 0 2px 4px rgba(0, 0, 0, 0.04), 0 1px 2px rgba(0, 0, 0, 0.16); }

pre {
  word-break: break-all;
  word-wrap: break-word;
  display: block;
  white-space: pre-wrap;
  margin: 24px 0px 28px;
  padding: 16px 24px;
  border-radius: 4px;
  color: #16161D;
  background-color: #f8f8f8; }
  pre code {
    font-weight: 500;
    display: block;
    overflow-x: auto;
    word-wrap: normal;
    white-space: pre-wrap;
    -webkit-box-sizing: border-box;
    box-sizing: border-box;
    font-size: 14px;
    line-height: 20px; }

code {
  font-weight: 400;
  font-family: 'Roboto Mono', 'Source Code Pro', monospace;
  font-size: 14px; }

.hljs-comment, .hljs-quote {
  color: #5c6370;
  font-style: italic; }

.hljs-doctag, .hljs-keyword, .hljs-formula {
  color: #db00e9; }

.hljs-section, .hljs-name, .hljs-selector-tag, .hljs-deletion, .hljs-subst {
  color: #2973b7; }

.hljs-tag {
  color: #2973b7; }

.hljs-literal {
  color: #56b6c2; }

.hljs-string, .hljs-regexp, .hljs-addition, .hljs-attribute, .hljs-meta-string {
  color: #2cc17e; }

.hljs-built_in, .hljs-class .hljs-title {
  color: #db00e9; }

.hljs-attr,
.hljs-variable,
.hljs-template-variable,
.hljs-type,
.hljs-selector-class,
.hljs-selector-attr,
.hljs-selector-pseudo,
.hljs-number {
  color: #d19a66; }

.hljs-attr {
  color: #525252; }

.hljs-symbol,
.hljs-bullet,
.hljs-link,
.hljs-meta,
.hljs-selector-id,
.hljs-title {
  color: #2973b7; }

.hljs-emphasis {
  font-style: italic; }

.hljs-strong {
  font-weight: bold; }

.hljs-link {
  text-decoration: underline; }

.landing-page footer .ionic-oss-logo {
  background-image: url(/assets/img/ionic-os-logo.png); }

footer {
  bottom: 0;
  left: 0;
  width: 100%;
  background: #f8f8fc;
  height: 8em;
  display: -webkit-box;
  display: -ms-flexbox;
  display: flex;
  -webkit-box-orient: vertical;
  -webkit-box-direction: normal;
  -ms-flex-direction: column;
  flex-direction: column;
  -webkit-box-pack: center;
  -ms-flex-pack: center;
  justify-content: center;
  -webkit-box-flex: 0;
  -ms-flex: 0 0 8em;
  flex: 0 0 8em; }
  footer .ionic-oss-logo {
    background: url(/assets/img/ionic-os-dark-logo.png) no-repeat transparent;
    width: 124px;
    height: 16px;
    background-size: 100%; }
  footer .container {
    display: -webkit-box;
    display: -ms-flexbox;
    display: flex;
    -webkit-box-flex: 1;
    -ms-flex: 1;
    flex: 1;
    -webkit-box-pack: justify;
    -ms-flex-pack: justify;
    justify-content: space-between;
    -webkit-box-align: center;
    -ms-flex-align: center;
    align-items: center; }
  footer .svg-button {
    margin-left: 16px;
    -webkit-transition: all .15s ease;
    transition: all .15s ease;
    opacity: 0.5;
    border: 0; }
  footer .svg-button:hover {
    opacity: 1; }
  @media screen and (max-width: 768px) {
    footer .container {
      text-align: center;
      -webkit-box-orient: vertical;
      -webkit-box-direction: normal;
      -ms-flex-direction: column;
      flex-direction: column;
      -webkit-box-pack: center;
      -ms-flex-pack: center;
      justify-content: center; }
    footer #open-source {
      display: -webkit-box;
      display: -ms-flexbox;
      display: flex;
      -webkit-box-orient: vertical;
      -webkit-box-direction: normal;
      -ms-flex-direction: column;
      flex-direction: column;
      -webkit-box-align: center;
      -ms-flex-align: center;
      align-items: center;
      margin-bottom: 24px; } }

#open-source img {
  width: 50%; }

#open-source p {
  margin-top: 0;
  margin-bottom: 0;
  color: #a5a4b8;
  font-size: 10px; }

@media screen and (max-width: 355px) {
  .wrapper {
    padding-top: 100px; } }

@media screen and (max-width: 450px) {
  .wrapper {
    padding-top: 80px; }
  site-header stencil-route-link a {
    display: initial; } }

@media screen and (max-width: 590px) {
  .wrapper {
    margin-right: 0;
    margin-left: 0;
    -webkit-justify-content: space-between;
    -ms-flex-pack: justify;
    -webkit-box-pack: justify;
    justify-content: space-between;
    -webkit-flex-direction: column-reverse;
    -ms-flex-direction: column-reverse;
    -webkit-box-orient: vertical;
    -webkit-box-direction: reverse;
    flex-direction: column-reverse; }
    .wrapper .pull-right {
      padding: 0 15px;
      width: 100%;
      min-height: 100vh; }
    .wrapper .pull-left {
      position: relative;
      padding: 15px;
      width: 100%;
      bottom: 0;
      background-color: #16161d; }
      .wrapper .pull-left * {
        color: #ffffff; } }

@media screen and (min-width: 590px) {
  .wrapper .pull-left {
    min-width: 250px;
    max-width: 250px;
    position: -webkit-sticky;
    position: sticky;
    top: 50px; }
  .wrapper .pull-right {
    padding-left: 96px;
    padding-right: 32px;
    -webkit-box-flex: 1;
    -ms-flex: 1 1 auto;
    flex: 1 1 auto;
    overflow: auto;
    min-height: 100vh; } }

.document .container {
  display: -webkit-box;
  display: -ms-flexbox;
  display: flex;
  -webkit-box-pack: justify;
  -ms-flex-pack: justify;
  justify-content: space-between; }

.document plugin-platforms {
  display: block;
  float: right; }
  .document plugin-platforms .platform {
    margin-left: 8px; }

.document img {
  max-width: 100%; }

.document h1:first-child anchor-link {
  display: none; }

.document ul {
  -webkit-padding-start: 0px; }
  .document ul li, .document ul code {
    font-size: 16px;
    margin-left: 18px; }

.document p a {
  color: #1d9aff;
  text-decoration: none; }

.document p code,
.document ul code,
.document ol code {
  padding: 0 4px 3px;
  background-color: #ecf4fb;
  color: #16161D;
  border-radius: 3px; }

.document #introButton {
  background: #1d9aff;
  color: white;
  text-decoration: none;
  border: none;
  font-size: 13px;
  font-weight: 600;
  text-transform: uppercase;
  padding: 16px 20px;
  border-radius: 2px;
  -webkit-box-shadow: 0 8px 16px rgba(0, 0, 0, 0.1), 0 3px 6px rgba(0, 0, 0, 0.08);
  box-shadow: 0 8px 16px rgba(0, 0, 0, 0.1), 0 3px 6px rgba(0, 0, 0, 0.08);
  outline: none;
  letter-spacing: 0.04em;
  -webkit-transition: all .15s ease;
  transition: all .15s ease;
  cursor: pointer; }

.document #introButton:hover {
  -webkit-box-shadow: 0 3px 6px rgba(0, 0, 0, 0.1), 0 1px 3px rgba(0, 0, 0, 0.1);
  box-shadow: 0 3px 6px rgba(0, 0, 0, 0.1), 0 1px 3px rgba(0, 0, 0, 0.1);
  -webkit-transform: translateY(1px);
  transform: translateY(1px); }