site-header {
  position: fixed;
  top: 0;
  left: 0;
  width: 100%;
  background-color: #fff;
  z-index: 99; }
  site-header .container {
    padding-top: 28px;
    padding-bottom: 28px;
    display: -webkit-box;
    display: -ms-flexbox;
    display: flex;
    -webkit-box-pack: justify;
    -ms-flex-pack: justify;
    justify-content: space-between; }
  site-header .logo {
    background: url(/assets/img/logo-light.png);
    width: 128px;
    height: 22px;
    background-size: contain;
    background-repeat: no-repeat;
    font-size: 24px; }
  site-header .logo-link a {
    margin: 0;
    display: -webkit-box;
    display: -ms-flexbox;
    display: flex;
    -webkit-box-align: center;
    -ms-flex-align: center;
    align-items: center;
    text-decoration: none;
    border: 0; }
  site-header .version {
    color: #4CAFFF;
    display: inline-block;
    margin-left: 6px;
    font-size: 8px;
    letter-spacing: .4px;
    text-transform: uppercase;
    padding: 3px 5px;
    background: rgba(120, 179, 228, 0.14);
    border-radius: 4px; }
  @media screen and (max-width: 768px) {
    site-header .container {
      padding-top: 15px;
      padding-bottom: 15px;
      -webkit-box-orient: vertical;
      -webkit-box-direction: normal;
      -ms-flex-direction: column;
      flex-direction: column;
      -webkit-box-align: center;
      -ms-flex-align: center;
      align-items: center; } }

.landing-page site-header .version {
  background: rgba(255, 255, 255, 0.14); }

.header-menu a,
.header-menu .dropdown__label {
  -webkit-transition: border .3s, color .3s;
  transition: border .3s, color .3s;
  font-size: 14px;
  padding-bottom: 4px;
  border-bottom: 3px solid transparent;
  vertical-align: top;
  color: rgba(0, 0, 0, 0.6);
  text-decoration: none;
  font-weight: 500;
  letter-spacing: -0.02em; }

.header-menu stencil-route-link + stencil-route-link,
.header-menu stencil-route-link + .link,
.header-menu .link + .link {
  margin-left: 30px; }

.header-menu a:not(.link--external):hover,
.header-menu .link-active {
  color: black;
  border-bottom-color: rgba(0, 0, 0, 0.1); }

.header-menu .dropdown:hover .dropdown__label {
  color: black; }

.header-menu a.link-active {
  color: #000; }

.header-menu .link,
.header-menu .link--external {
  position: relative;
  border: 0;
  -webkit-transition: color .3s;
  transition: color .3s; }

.header-menu .link--external .icon {
  margin-left: 6px;
  -webkit-transition: top 0.2s, left 0.2s;
  transition: top 0.2s, left 0.2s;
  position: relative; }

.header-menu .link--external:hover {
  color: #000; }
  .header-menu .link--external:hover .icon {
    left: 1px;
    top: -1px; }

.header-overflow,
.header-close {
  -webkit-transition: opacity 0.3s;
  transition: opacity 0.3s;
  position: absolute;
  top: 15px;
  right: 15px;
  width: 22px;
  height: 18px;
  display: none;
  cursor: pointer;
  opacity: 0.7; }
  .header-overflow:hover,
  .header-close:hover {
    opacity: 1; }
  @media screen and (max-width: 768px) {
    .header-overflow,
    .header-close {
      display: -webkit-box;
      display: -ms-flexbox;
      display: flex;
      -webkit-box-pack: center;
      -ms-flex-pack: center;
      justify-content: center; } }

.header-close .icon-close {
  fill: #fff; }

.landing-page .logo {
  background-image: url(/assets/img/logo-dark.png);
  color: #fff;
  font-family: 'Roboto Mono',-apple-system,BlinkMacSystemFont,"Segoe UI",Helvetica,Arial,sans-serif,"Apple Color Emoji","Segoe UI Emoji","Segoe UI Symbol";
  letter-spacing: 1px;
  font-weight: 600; }

.landing-page site-header {
  position: static; }

.landing-page .header-menu a,
.landing-page .header-menu .dropdown__label {
  color: rgba(255, 255, 255, 0.7); }

.landing-page .header-menu a:not(.link--external):hover,
.landing-page .header-menu a.link-active {
  color: white;
  border-bottom-color: rgba(255, 255, 255, 0.2); }

.landing-page .header-menu a.link-active,
.landing-page .header-menu a.link-active:hover,
.landing-page .header-menu .dropdown:hover .dropdown__label {
  color: #fff; }

.landing-page .header-menu .link:hover {
  color: #fff; }

@media screen and (max-width: 768px) {
  .header-menu {
    -webkit-transition: opacity 0.3s;
    transition: opacity 0.3s;
    position: fixed;
    z-index: 9999;
    width: 100%;
    height: 100%;
    top: 0;
    left: 0;
    bottom: 0;
    right: 0;
    display: -webkit-box;
    display: -ms-flexbox;
    display: flex;
    -webkit-box-orient: vertical;
    -webkit-box-direction: normal;
    -ms-flex-direction: column;
    flex-direction: column;
    -webkit-box-pack: center;
    -ms-flex-pack: center;
    justify-content: center;
    -webkit-box-align: center;
    -ms-flex-align: center;
    align-items: center;
    background: #000;
    opacity: 0;
    display: none; }
    .header-menu stencil-route-link + stencil-route-link,
    .header-menu stencil-route-link + .link,
    .header-menu .link + .link {
      margin-left: 0px;
      margin-top: 38px;
      margin-bottom: 0;
      padding-bottom: 0;
      display: inline-block; }
    .header-menu a,
    .header-menu .link {
      font-size: 24px;
      color: rgba(255, 255, 255, 0.7) !important; }
      .header-menu a:hover,
      .header-menu .link:hover {
        color: #fff !important; }
    .header-menu a:hover,
    .header-menu .link:hover,
    .header-menu a.link-active {
      color: #fff !important;
      border-bottom-color: rgba(255, 255, 255, 0.2) !important; }
    .header-menu stencil-route-link,
    .header-menu .link {
      -webkit-transition: color 0.3s, -webkit-transform 0.4s;
      transition: color 0.3s, -webkit-transform 0.4s;
      transition: transform 0.4s, color 0.3s;
      transition: transform 0.4s, color 0.3s, -webkit-transform 0.4s;
      -webkit-transform: translateY(8px);
      transform: translateY(8px); }
  .show-mobile-menu {
    z-index: 999999; }
  .show-mobile-menu .header-menu {
    opacity: 1; }
  .show-mobile-menu .header-menu stencil-route-link,
  .show-mobile-menu .header-menu .link {
    -webkit-transform: translateY(0);
    transform: translateY(0); }
  .show-mobile-menu .header-menu--show + .header-overflow {
    display: none; } }

.dropdown {
  cursor: pointer; }

.dropdown__menu {
  padding: 0;
  margin: 0;
  text-align: center; }

.dropdown__item {
  list-style-type: none;
  border: 0 !important; }

.dropdown__label {
  border: 0 !important; }

@media screen and (min-width: 769px) {
  .dropdown__menu {
    text-align: left;
    position: absolute;
    top: calc(100% + 12px);
    left: 50%;
    z-index: 999;
    -webkit-box-shadow: 0 6px 20px rgba(0, 0, 0, 0.1), 0 1px 6px rgba(0, 0, 0, 0.1);
    box-shadow: 0 6px 20px rgba(0, 0, 0, 0.1), 0 1px 6px rgba(0, 0, 0, 0.1);
    padding: 10px 18px 12px;
    border-radius: 8px;
    background: #fff;
    display: block;
    visibility: 0;
    opacity: 0;
    -webkit-transform: translate(-50%, -5px);
    transform: translate(-50%, -5px);
    pointer-events: none;
    -webkit-transition: opacity .3s, -webkit-transform .3s ease;
    transition: opacity .3s, -webkit-transform .3s ease;
    transition: transform .3s ease, opacity .3s;
    transition: transform .3s ease, opacity .3s, -webkit-transform .3s ease; }
    .dropdown__menu:before {
      content: '';
      position: absolute;
      top: -20px;
      width: 100%;
      height: 30px;
      left: 0; }
  .dropdown--visible .dropdown__menu {
    visibility: 1;
    opacity: 1;
    -webkit-transform: scaleY(1);
    transform: scaleY(1);
    -webkit-transform: translate(-50%, 0);
    transform: translate(-50%, 0);
    pointer-events: auto; }
  .dropdown__arrow {
    position: absolute;
    height: 8px;
    width: 20px;
    overflow: hidden;
    top: -8px;
    left: calc(50% - 8px); }
    .dropdown__arrow:before {
      position: absolute;
      width: 20px;
      height: 20px;
      top: 4px;
      background: #fff;
      -webkit-transform: rotate(45deg);
      transform: rotate(45deg);
      border-radius: 4px;
      -webkit-box-shadow: 1px 1px 3px rgba(0, 0, 0, 0.4);
      box-shadow: 1px 1px 3px rgba(0, 0, 0, 0.4);
      content: '';
      display: block; }
  .dropdown__item {
    min-width: 80px;
    display: block; }
  .dropdown__item a {
    color: #1d9aff !important;
    font-weight: 500;
    border: 0; }
    .dropdown__item a:hover {
      color: #0073d0 !important; } }

@media screen and (max-width: 768px) {
  .landing-page .header-menu .dropdown__label,
  .header-menu .dropdown__label {
    font-size: 11px;
    text-transform: uppercase;
    letter-spacing: 0.1em;
    color: rgba(255, 255, 255, 0.4) !important;
    font-weight: 600;
    vertical-align: baseline; }
  .dropdown__arrow {
    display: none; }
  .dropdown__menu {
    text-align: center; }
  .dropdown__item {
    margin-top: 4px; }
  .dropdown__item a {
    border: 0;
    font-size: 18px; } }