.newsletter {
  background-color: #eeeff1;
  padding: 80px 0; }
  .newsletter .container {
    display: -webkit-box;
    display: -ms-flexbox;
    display: flex; }
  .newsletter form {
    display: -webkit-box;
    display: -ms-flexbox;
    display: flex;
    -webkit-box-pack: end;
    -ms-flex-pack: end;
    justify-content: flex-end; }
  .newsletter hgroup {
    -webkit-box-flex: 0;
    -ms-flex: 0 0 60%;
    flex: 0 0 60%;
    padding-right: 40px; }
    .newsletter hgroup h2 {
      margin: 0 0 6px; }
    .newsletter hgroup p {
      margin: 0;
      line-height: 23px; }
  .newsletter form {
    -webkit-box-flex: 0;
    -ms-flex: 0 0 40%;
    flex: 0 0 40%; }
    .newsletter form input {
      padding: 5px 10px 5px 16px;
      width: 200px;
      background-color: #fff;
      border: none;
      border-radius: 6px;
      border-top-right-radius: 0;
      border-bottom-right-radius: 0;
      font-size: 16px;
      font-weight: 400;
      color: #070D12;
      letter-spacing: -0.22px; }
    .newsletter form button {
      background-color: #5EB6FC;
      color: white;
      border-radius: 6px;
      border-top-left-radius: 0;
      border-bottom-left-radius: 0; }
      .newsletter form button:hover {
        background: #33a4ff; }
      .newsletter form button:focus {
        background: #1e9aff; }
  @media screen and (max-width: 768px) {
    .newsletter .container {
      -webkit-box-orient: vertical;
      -webkit-box-direction: normal;
      -ms-flex-direction: column;
      flex-direction: column;
      text-align: center;
      -webkit-box-align: center;
      -ms-flex-align: center;
      align-items: center;
      -webkit-box-pack: justify;
      -ms-flex-pack: justify;
      justify-content: space-between; }
    .newsletter hgroup,
    .newsletter form {
      -webkit-box-flex: 0;
      -ms-flex: 0 0 100%;
      flex: 0 0 100%; }
    .newsletter hgroup {
      padding: 0; }
    .newsletter form {
      margin-top: 24px;
      width: 100%;
      -webkit-box-pack: center;
      -ms-flex-pack: center;
      justify-content: center; } }

.landing-page .newsletter {
  background-color: #102331; }