/*! Built with http://stenciljs.com */
App.loadBundle('/**:bundle-id:**/', ['exports'], function (exports) {
    var h = window.App.h;
    var LandingPage = /** @class */ (function () {
        function LandingPage() {
            var root = document.querySelector('capacitor-site');
            root.isLandingPage = true;
            document.title = "Capacitor: Universal Web Applications";
        }
        LandingPage.prototype.componentDidUnload = function () {
            var root = document.querySelector('capacitor-site');
            root.isLandingPage = false;
        };
        LandingPage.prototype.render = function () {
            return [
                // <div class="announcement container">
                //   <stencil-route-link url="/blog/" >
                //     <span class="pill">New</span>
                //     <span class="message">
                //       Announcing Capacitor 1.0.0 Beta
                //     </span>
                //     <span class="cta">
                //       Read Post
                //       <app-icon name="caret-right"></app-icon>
                //     </span>
                //   </stencil-route-link>
                // </div>,
                h("div", { class: "container" }, h("section", { class: "hero" }, h("hgroup", null, h("h1", { id: "action-call" }, "Native bridge for cross-platform Web Apps"), h("h3", null, "Native SDK calls on iOS, Android, Electron, and the web with one code base. Optimized for Ionic Framework apps, or use with any web app framework."), h("stencil-route-link", { url: "/docs/getting-started/" }, h("button", { id: "get-started" }, "Get Started")), h("h5", null, "Supports"), h("img", { src: "/assets/img/supported-env.png" })), h("div", { class: "hero-illustration" }, h("img", { src: "/assets/img/capacitor-hero.jpg" }))), h("section", { class: "points" }, h("div", { class: "points__item points__item--crossplatform" }, h("h2", null, "Cross Platform"), h("p", null, "Build web apps that run equally well on iOS, Android, Electron, and as Progressive Web Apps")), h("div", { class: "points__item points__item--nativeaccess" }, h("h2", null, "Native Access"), h("p", null, "Access the full Native SDK on each platform, and easily deploy to App Stores (and the web!)")), h("div", { class: "points__item points__item--simple" }, h("h2", null, "Use with Ionic"), h("p", null, "Capacitor provides native functionality for web apps, and is optimized for Ionic Framework")), h("div", { class: "points__item points__item--webnative" }, h("h2", null, "Web Native"), h("p", null, "Build apps with standardized web technologies that will work for decades, and easily reach users on the app stores ", h("i", null, "and"), " the mobile web.")), h("div", { class: "points__item points__item--extensible" }, h("h2", null, "Extensible"), h("p", null, "Easily add custom native functionality with a simple Plugin API, or use existing Cordova plugins with our compatibility layer.")), h("div", { class: "points__item points__item--opensource" }, h("h2", null, "Open Source"), h("p", null, "Capacitor is completely open source (MIT) and maintained by ", h("a", { href: "http://ionicframework.com/" }, "Ionic"), " and its community.")))),
                h("newsletter-signup", null)
            ];
        };
        Object.defineProperty(LandingPage, "is", {
            get: function () { return "landing-page"; },
            enumerable: true,
            configurable: true
        });
        Object.defineProperty(LandingPage, "properties", {
            get: function () {
                return {
                    "el": {
                        "elementRef": true
                    }
                };
            },
            enumerable: true,
            configurable: true
        });
        Object.defineProperty(LandingPage, "style", {
            get: function () { return "/**style-placeholder:landing-page:**/"; },
            enumerable: true,
            configurable: true
        });
        return LandingPage;
    }());
    exports.LandingPage = LandingPage;
    Object.defineProperty(exports, '__esModule', { value: true });
});
