/*! Built with http://stenciljs.com */
App.loadBundle('/**:bundle-id:**/', ['exports'], function (exports) {
    var h = window.App.h;
    var SiteMenu = /** @class */ (function () {
        function SiteMenu() {
            this.MENU = [
                {
                    title: 'Getting Started',
                    items: [
                        {
                            title: 'Introduction',
                            url: '/docs/'
                        },
                        {
                            title: 'Required Dependencies',
                            url: '/docs/getting-started/dependencies'
                        },
                        {
                            title: 'Installation',
                            url: '/docs/getting-started/'
                        },
                        {
                            title: 'Using with Ionic',
                            url: '/docs/getting-started/with-ionic'
                        }
                        /*
                        ,
                        {
                          title: 'Migrating from PhoneGap/Cordova',
                          url: '/docs/getting-started/migrating-from-phonegap-cordova'
                        }
                        */
                    ]
                },
                {
                    title: 'Basics',
                    items: [
                        {
                            title: 'Development Workflow',
                            url: '/docs/basics/workflow'
                        },
                        {
                            title: 'Opening Native IDE',
                            url: '/docs/basics/opening-native-projects'
                        },
                        {
                            title: 'Building your App',
                            url: '/docs/basics/building-your-app'
                        },
                        {
                            title: 'Running your App',
                            url: '/docs/basics/running-your-app'
                        },
                        {
                            title: 'Using Cordova Plugins',
                            url: '/docs/basics/cordova'
                        },
                        {
                            title: 'Native Project Configuration',
                            url: '/docs/basics/configuring-your-app'
                        },
                        {
                            title: 'Progressive Web Apps',
                            url: '/docs/basics/progressive-web-app'
                        },
                    ]
                },
                {
                    title: 'iOS',
                    items: [
                        {
                            title: 'Getting Started',
                            url: '/docs/ios/'
                        },
                        {
                            title: 'Configuration',
                            url: '/docs/ios/configuration'
                        },
                        {
                            title: 'Updating',
                            url: '/docs/ios/updating'
                        },
                        {
                            title: 'Custom Native Code',
                            url: '/docs/ios/custom-code'
                        },
                        {
                            title: 'Troubleshooting',
                            url: '/docs/ios/troubleshooting'
                        },
                    ]
                },
                {
                    title: 'Android',
                    items: [
                        {
                            title: 'Getting Started',
                            url: '/docs/android/'
                        },
                        {
                            title: 'Configuration',
                            url: '/docs/android/configuration'
                        },
                        {
                            title: 'Updating',
                            url: '/docs/android/updating'
                        },
                        {
                            title: 'Custom Native Code',
                            url: '/docs/android/custom-code'
                        },
                        {
                            title: 'Troubleshooting',
                            url: '/docs/android/troubleshooting'
                        },
                    ]
                },
                {
                    title: 'Web',
                    items: [
                        {
                            title: 'Getting Started',
                            url: '/docs/web/'
                        },
                    ]
                },
                {
                    title: 'Electron',
                    items: [
                        {
                            title: 'Getting Started',
                            url: '/docs/electron/'
                        }
                    ]
                },
                {
                    title: 'Plugins',
                    items: [
                        {
                            title: 'Introduction',
                            url: '/docs/plugins/'
                        },
                        {
                            title: 'iOS Guide',
                            url: '/docs/plugins/ios'
                        },
                        {
                            title: 'Android Guide',
                            url: '/docs/plugins/android'
                        },
                        {
                            title: 'Web/PWA Guide',
                            url: '/docs/plugins/web'
                        },
                        {
                            title: 'JavaScript Guide',
                            url: '/docs/plugins/js'
                        }
                        /*
                        {
                          title: 'Installing Plugins',
                          url: '/docs/plugins/installng-plugins/'
                        },
                        {
                          title: 'Creating Plugins',
                          url: '/docs/plugins/creating-plugins/'
                        },
                        {
                          title: 'Plugin JavaScript API',
                          url: '/docs/plugins/plugin-api-javascript'
                        }
                        */
                    ]
                },
                {
                    title: 'APIs',
                    items: [
                        {
                            title: 'Introduction',
                            url: '/docs/apis/'
                        },
                        { title: 'Accessibility', url: '/docs/apis/accessibility' },
                        { title: 'App', url: '/docs/apis/app' },
                        { title: 'Background Task', url: '/docs/apis/background-task' },
                        { title: 'Browser', url: '/docs/apis/browser' },
                        { title: 'Camera', url: '/docs/apis/camera' },
                        { title: 'Clipboard', url: '/docs/apis/clipboard' },
                        { title: 'Console', url: '/docs/apis/console' },
                        { title: 'Device', url: '/docs/apis/device' },
                        { title: 'Filesystem', url: '/docs/apis/filesystem' },
                        { title: 'Geolocation', url: '/docs/apis/geolocation' },
                        { title: 'Haptics', url: '/docs/apis/haptics' },
                        { title: 'Keyboard', url: '/docs/apis/keyboard' },
                        { title: 'Modals', url: '/docs/apis/modals' },
                        { title: 'Motion', url: '/docs/apis/motion' },
                        { title: 'Network', url: '/docs/apis/network' },
                        // { title: 'Photos', url: '/docs/apis/photos' },
                        // { title: 'Push Notifications', url: '/docs/apis/push-notifications' },
                        { title: 'Share', url: '/docs/apis/share' },
                        { title: 'Splash Screen', url: '/docs/apis/splash-screen' },
                        { title: 'Status Bar', url: '/docs/apis/status-bar' },
                        { title: 'Storage', url: '/docs/apis/storage' },
                        { title: 'Toast', url: '/docs/apis/toast' },
                    ]
                }
            ];
        }
        SiteMenu.prototype.toggleMenu = function () {
            this.leftSidebarClick.emit();
        };
        SiteMenu.prototype.render = function () {
            var _this = this;
            return (h("div", null, h("ul", { id: "menu-list" }, this.MENU.map(function (s) {
                return (h("li", null, h("h4", null, s.title), h("ul", null, s.items.map(function (i) {
                    return (h("li", null, h("stencil-route-link", { url: i.url, exact: true, onClick: function () { return _this.toggleMenu(); } }, i.title)));
                }))));
            }))));
        };
        Object.defineProperty(SiteMenu, "is", {
            get: function () { return "site-menu"; },
            enumerable: true,
            configurable: true
        });
        Object.defineProperty(SiteMenu, "events", {
            get: function () {
                return [{
                        "name": "leftSidebarClick",
                        "method": "leftSidebarClick",
                        "bubbles": true,
                        "cancelable": true,
                        "composed": true
                    }];
            },
            enumerable: true,
            configurable: true
        });
        Object.defineProperty(SiteMenu, "style", {
            get: function () { return "/**style-placeholder:site-menu:**/"; },
            enumerable: true,
            configurable: true
        });
        return SiteMenu;
    }());
    exports.SiteMenu = SiteMenu;
    Object.defineProperty(exports, '__esModule', { value: true });
});
