/*! Built with http://stenciljs.com */
App.loadBundle('/**:bundle-id:**/', ['exports'], function (exports) {
    var h = window.App.h;
    var AvcCodeType = /** @class */ (function () {
        function AvcCodeType() {
        }
        AvcCodeType.prototype.render = function () {
            if (this.typeId) {
                return (h("anchor-link", { to: "type-" + this.typeId }, h("slot", null)));
            }
            return (h("slot", null));
        };
        Object.defineProperty(AvcCodeType, "is", {
            get: function () { return "avc-code-type"; },
            enumerable: true,
            configurable: true
        });
        Object.defineProperty(AvcCodeType, "properties", {
            get: function () {
                return {
                    "typeId": {
                        "type": String,
                        "attr": "type-id"
                    }
                };
            },
            enumerable: true,
            configurable: true
        });
        return AvcCodeType;
    }());
    exports.AvcCodeType = AvcCodeType;
    Object.defineProperty(exports, '__esModule', { value: true });
});
