/*! Built with http://stenciljs.com */
App.loadBundle('/**:bundle-id:**/', ['exports'], function (exports) {
    var h = window.App.h;
    var PluginApi = /** @class */ (function () {
        function PluginApi() {
        }
        PluginApi.prototype.componentWillLoad = function () {
            var _this = this;
            var url = "api" + (this.index ? '-index' : '') + ".html";
            return fetch("/assets/docs-content/apis/" + this.name + "/" + url)
                .then(function (response) {
                return response.text();
            })
                .then(function (data) {
                _this.content = data;
                var el = document.createElement('div');
                el.innerHTML = data;
            });
        };
        PluginApi.prototype.componentDidUpdate = function () {
            this.bindHeadings(this.el);
        };
        PluginApi.prototype.bindHeadings = function (el) {
            var headings = Array.from(el.querySelectorAll('h1,h2,h3,h4,h5'));
            headings.forEach(function (h) {
                h.classList.add('anchor-link-relative');
                var link = document.createElement('anchor-link');
                link.className = 'hover-anchor';
                if (h.id) {
                    link.to = h.id;
                }
                link.innerHTML = '#';
                h.insertBefore(link, h.firstChild);
            });
        };
        PluginApi.prototype.render = function () {
            return (h("div", null, h("div", { innerHTML: this.content })));
        };
        Object.defineProperty(PluginApi, "is", {
            get: function () { return "plugin-api"; },
            enumerable: true,
            configurable: true
        });
        Object.defineProperty(PluginApi, "properties", {
            get: function () {
                return {
                    "content": {
                        "state": true
                    },
                    "el": {
                        "elementRef": true
                    },
                    "index": {
                        "type": Boolean,
                        "attr": "index"
                    },
                    "name": {
                        "type": String,
                        "attr": "name"
                    }
                };
            },
            enumerable: true,
            configurable: true
        });
        Object.defineProperty(PluginApi, "style", {
            get: function () { return "/**style-placeholder:plugin-api:**/"; },
            enumerable: true,
            configurable: true
        });
        return PluginApi;
    }());
    exports.PluginApi = PluginApi;
    Object.defineProperty(exports, '__esModule', { value: true });
});
