/*! Built with http://stenciljs.com */
App.loadBundle('/**:bundle-id:**/', ['exports'], function (exports) {
    var h = window.App.h;
    var NewsletterSignup = /** @class */ (function () {
        function NewsletterSignup() {
        }
        NewsletterSignup.prototype.render = function () {
            return (h("section", { class: "newsletter" }, h("div", { class: "container" }, h("hgroup", null, h("h2", null, "Subscribe to our newsletter"), h("p", null, "The latest Capacitor news and resources sent straight to your inbox.")), h("form", { action: "https://codiqa.createsend.com/t/t/s/flhuhj/", method: "post" }, h("div", { class: "input-with-button" }, h("input", { type: "email", placeholder: "Email address", id: "fieldEmail", name: "cm-flhuhj-flhuhj", required: true }), h("button", { type: "submit" }, "Subscribe"))))));
        };
        Object.defineProperty(NewsletterSignup, "is", {
            get: function () { return "newsletter-signup"; },
            enumerable: true,
            configurable: true
        });
        Object.defineProperty(NewsletterSignup, "style", {
            get: function () { return "/**style-placeholder:newsletter-signup:**/"; },
            enumerable: true,
            configurable: true
        });
        return NewsletterSignup;
    }());
    exports.NewsletterSignup = NewsletterSignup;
    Object.defineProperty(exports, '__esModule', { value: true });
});
